Arguments: 
  C:\Program Files\nodejs\node.exe C:\Users\rivka\AppData\Roaming\npm\node_modules\yarn\bin\yarn.js add sharp

PATH: 
  C:\Python311\Scripts\;C:\Python311\;C:\Windows\system32;C:\Windows;C:\Windows\System32\Wbem;C:\Windows\System32\WindowsPowerShell\v1.0\;C:\Windows\System32\OpenSSH\;C:\ProgramData\chocolatey\bin;C:\Program Files\Certbot\bin;C:\Program Files\Certbot\bin;C:\Program Files\nodejs\;C:\Program Files\Git\cmd;C:\Users\rivka\AppData\Local\Microsoft\WindowsApps;C:\Users\rivka\AppData\Local\Programs\Microsoft VS Code\bin;C:\Users\rivka\AppData\Roaming\npm;C:\Users\rivka\AppData\Local\gitkraken\bin

Yarn version: 
  1.22.19

Node version: 
  18.13.0

Platform: 
  win32 x64

Trace: 
  Error: unable to get local issuer certificate
      at TLSSocket.onConnectSecure (node:_tls_wrap:1545:34)
      at TLSSocket.emit (node:events:513:28)
      at TLSSocket._finishInit (node:_tls_wrap:959:8)
      at ssl.onhandshakedone (node:_tls_wrap:743:12)

npm manifest: 
  {
    "name": "backend",
    "version": "1.0.0",
    "description": "",
    "main": "server.js",
    "scripts": {
      "test": "echo \"Error: no test specified\" && exit 1"
    },
    "author": "",
    "license": "ISC",
    "dependencies": {
      "express": "^4.18.2",
      "mongoose": "^7.2.1"
    }
  }

yarn manifest: 
  No manifest

Lockfile: 
  No lockfile
